Determining if the Q_WS_WIN exist failed with the following output:
Change Dir: /home/adminlocal/PhD/cpp/spred/build/debug/CMakeFiles/CMakeTmp

Run Build Command(s):/usr/bin/make cmTC_b6751/fast && /usr/bin/make  -f CMakeFiles/cmTC_b6751.dir/build.make CMakeFiles/cmTC_b6751.dir/build
make[1]: Entering directory '/home/adminlocal/PhD/cpp/spred/build/debug/CMakeFiles/CMakeTmp'
Building CXX object CMakeFiles/cmTC_b6751.dir/CheckSymbolExists.cxx.o
/usr/bin/g++  -I/usr/include/qt4  -o CMakeFiles/cmTC_b6751.dir/CheckSymbolExists.cxx.o -c /home/adminlocal/PhD/cpp/spred/build/debug/CMakeFiles/CMakeTmp/CheckSymbolExists.cxx
/home/adminlocal/PhD/cpp/spred/build/debug/CMakeFiles/CMakeTmp/CheckSymbolExists.cxx: In function ‘int main(int, char**)’:
/home/adminlocal/PhD/cpp/spred/build/debug/CMakeFiles/CMakeTmp/CheckSymbolExists.cxx:8:19: error: ‘Q_WS_WIN’ was not declared in this scope
   return ((int*)(&Q_WS_WIN))[argc];
                   ^~~~~~~~
/home/adminlocal/PhD/cpp/spred/build/debug/CMakeFiles/CMakeTmp/CheckSymbolExists.cxx:8:19: note: suggested alternative: ‘Q_WS_X11’
   return ((int*)(&Q_WS_WIN))[argc];
                   ^~~~~~~~
                   Q_WS_X11
CMakeFiles/cmTC_b6751.dir/build.make:84: recipe for target 'CMakeFiles/cmTC_b6751.dir/CheckSymbolExists.cxx.o' failed
make[1]: *** [CMakeFiles/cmTC_b6751.dir/CheckSymbolExists.cxx.o] Error 1
make[1]: Leaving directory '/home/adminlocal/PhD/cpp/spred/build/debug/CMakeFiles/CMakeTmp'
Makefile:140: recipe for target 'cmTC_b6751/fast' failed
make: *** [cmTC_b6751/fast] Error 2


File /home/adminlocal/PhD/cpp/spred/build/debug/CMakeFiles/CMakeTmp/CheckSymbolExists.cxx:
/* */
#include <QtCore/qglobal.h>

int main(int argc, char** argv)
{
  (void)argv;
#ifndef Q_WS_WIN
  return ((int*)(&Q_WS_WIN))[argc];
#else
  (void)argc;
  return 0;
#endif
}
Determining if the Q_WS_QWS exist failed with the following output:
Change Dir: /home/adminlocal/PhD/cpp/spred/build/debug/CMakeFiles/CMakeTmp

Run Build Command(s):/usr/bin/make cmTC_c03db/fast && /usr/bin/make  -f CMakeFiles/cmTC_c03db.dir/build.make CMakeFiles/cmTC_c03db.dir/build
make[1]: Entering directory '/home/adminlocal/PhD/cpp/spred/build/debug/CMakeFiles/CMakeTmp'
Building CXX object CMakeFiles/cmTC_c03db.dir/CheckSymbolExists.cxx.o
/usr/bin/g++  -I/usr/include/qt4  -o CMakeFiles/cmTC_c03db.dir/CheckSymbolExists.cxx.o -c /home/adminlocal/PhD/cpp/spred/build/debug/CMakeFiles/CMakeTmp/CheckSymbolExists.cxx
/home/adminlocal/PhD/cpp/spred/build/debug/CMakeFiles/CMakeTmp/CheckSymbolExists.cxx: In function ‘int main(int, char**)’:
/home/adminlocal/PhD/cpp/spred/build/debug/CMakeFiles/CMakeTmp/CheckSymbolExists.cxx:8:19: error: ‘Q_WS_QWS’ was not declared in this scope
   return ((int*)(&Q_WS_QWS))[argc];
                   ^~~~~~~~
/home/adminlocal/PhD/cpp/spred/build/debug/CMakeFiles/CMakeTmp/CheckSymbolExists.cxx:8:19: note: suggested alternative: ‘Q_WS_X11’
   return ((int*)(&Q_WS_QWS))[argc];
                   ^~~~~~~~
                   Q_WS_X11
CMakeFiles/cmTC_c03db.dir/build.make:84: recipe for target 'CMakeFiles/cmTC_c03db.dir/CheckSymbolExists.cxx.o' failed
make[1]: *** [CMakeFiles/cmTC_c03db.dir/CheckSymbolExists.cxx.o] Error 1
make[1]: Leaving directory '/home/adminlocal/PhD/cpp/spred/build/debug/CMakeFiles/CMakeTmp'
Makefile:140: recipe for target 'cmTC_c03db/fast' failed
make: *** [cmTC_c03db/fast] Error 2


File /home/adminlocal/PhD/cpp/spred/build/debug/CMakeFiles/CMakeTmp/CheckSymbolExists.cxx:
/* */
#include <QtCore/qglobal.h>

int main(int argc, char** argv)
{
  (void)argv;
#ifndef Q_WS_QWS
  return ((int*)(&Q_WS_QWS))[argc];
#else
  (void)argc;
  return 0;
#endif
}
Determining if the Q_WS_MAC exist failed with the following output:
Change Dir: /home/adminlocal/PhD/cpp/spred/build/debug/CMakeFiles/CMakeTmp

Run Build Command(s):/usr/bin/make cmTC_3d14d/fast && /usr/bin/make  -f CMakeFiles/cmTC_3d14d.dir/build.make CMakeFiles/cmTC_3d14d.dir/build
make[1]: Entering directory '/home/adminlocal/PhD/cpp/spred/build/debug/CMakeFiles/CMakeTmp'
Building CXX object CMakeFiles/cmTC_3d14d.dir/CheckSymbolExists.cxx.o
/usr/bin/g++  -I/usr/include/qt4  -o CMakeFiles/cmTC_3d14d.dir/CheckSymbolExists.cxx.o -c /home/adminlocal/PhD/cpp/spred/build/debug/CMakeFiles/CMakeTmp/CheckSymbolExists.cxx
/home/adminlocal/PhD/cpp/spred/build/debug/CMakeFiles/CMakeTmp/CheckSymbolExists.cxx: In function ‘int main(int, char**)’:
/home/adminlocal/PhD/cpp/spred/build/debug/CMakeFiles/CMakeTmp/CheckSymbolExists.cxx:8:19: error: ‘Q_WS_MAC’ was not declared in this scope
   return ((int*)(&Q_WS_MAC))[argc];
                   ^~~~~~~~
/home/adminlocal/PhD/cpp/spred/build/debug/CMakeFiles/CMakeTmp/CheckSymbolExists.cxx:8:19: note: suggested alternative: ‘Q_WS_X11’
   return ((int*)(&Q_WS_MAC))[argc];
                   ^~~~~~~~
                   Q_WS_X11
CMakeFiles/cmTC_3d14d.dir/build.make:84: recipe for target 'CMakeFiles/cmTC_3d14d.dir/CheckSymbolExists.cxx.o' failed
make[1]: *** [CMakeFiles/cmTC_3d14d.dir/CheckSymbolExists.cxx.o] Error 1
make[1]: Leaving directory '/home/adminlocal/PhD/cpp/spred/build/debug/CMakeFiles/CMakeTmp'
Makefile:140: recipe for target 'cmTC_3d14d/fast' failed
make: *** [cmTC_3d14d/fast] Error 2


File /home/adminlocal/PhD/cpp/spred/build/debug/CMakeFiles/CMakeTmp/CheckSymbolExists.cxx:
/* */
#include <QtCore/qglobal.h>

int main(int argc, char** argv)
{
  (void)argv;
#ifndef Q_WS_MAC
  return ((int*)(&Q_WS_MAC))[argc];
#else
  (void)argc;
  return 0;
#endif
}
